2015/10/22 12:47:24 INFO  - jmeter.util.JMeterUtils: Setting Locale to en_US 
2015/10/22 12:47:24 INFO  - jmeter.JMeter: Loading user properties from: /Users/valeriia/jmeter-demo/target/jmeter/bin/user.properties 
2015/10/22 12:47:24 INFO  - jmeter.JMeter: Loading system properties from: /Users/valeriia/jmeter-demo/target/jmeter/bin/system.properties 
2015/10/22 12:47:24 INFO  - jmeter.JMeter: Copyright (c) 1998-2012 The Apache Software Foundation 
2015/10/22 12:47:24 INFO  - jmeter.JMeter: Version 2.6 r1237317 
2015/10/22 12:47:24 INFO  - jmeter.JMeter: java.version=1.8.0_60 
2015/10/22 12:47:24 INFO  - jmeter.JMeter: java.vm.name=Java HotSpot(TM) 64-Bit Server VM 
2015/10/22 12:47:24 INFO  - jmeter.JMeter: os.name=Mac OS X 
2015/10/22 12:47:24 INFO  - jmeter.JMeter: os.arch=x86_64 
2015/10/22 12:47:24 INFO  - jmeter.JMeter: os.version=10.11 
2015/10/22 12:47:24 INFO  - jmeter.JMeter: file.encoding=UTF-8 
2015/10/22 12:47:24 INFO  - jmeter.JMeter: Default Locale=English (United States) 
2015/10/22 12:47:24 INFO  - jmeter.JMeter: JMeter  Locale=English (United States) 
2015/10/22 12:47:24 INFO  - jmeter.JMeter: JMeterHome=/Users/valeriia/jmeter-demo/target/jmeter 
2015/10/22 12:47:24 INFO  - jmeter.JMeter: user.dir  =/Users/valeriia/jmeter-demo/target/jmeter/bin 
2015/10/22 12:47:24 INFO  - jmeter.JMeter: PWD       =/Users/valeriia/jmeter-demo/target/jmeter/bin 
2015/10/22 12:47:24 INFO  - jmeter.JMeter: IP: 10.23.164.199 Name: valeriias-mbp.kyiv.epam.com FullName: valeriias-mbp.kyiv.epam.com 
2015/10/22 12:47:24 INFO  - jmeter.services.FileServer: Default base='/Users/valeriia/jmeter-demo/target/jmeter/bin' 
2015/10/22 12:47:24 INFO  - jmeter.services.FileServer: Set new base='/Users/valeriia/jmeter-demo/src/test/jmeter' 
2015/10/22 12:47:24 INFO  - jmeter.JMeter: Loading file: /Users/valeriia/jmeter-demo/src/test/jmeter/allo.jmx 
2015/10/22 12:47:24 INFO  - jmeter.save.SaveService: Testplan (JMX) version: 2.2. Testlog (JTL) version: 2.2 
2015/10/22 12:47:24 INFO  - jmeter.save.SaveService: Using SaveService properties file encoding UTF-8 
2015/10/22 12:47:24 INFO  - jmeter.save.SaveService: Using SaveService properties file version 1234216 
2015/10/22 12:47:24 INFO  - jmeter.save.SaveService: Using SaveService properties version 2.2 
2015/10/22 12:47:24 INFO  - jmeter.save.SaveService: All converter versions present and correct 
2015/10/22 12:47:24 ERROR - jmeter.save.SaveService: Conversion error com.thoughtworks.xstream.converters.ConversionException: kg.apc.jmeter.threads.SteppingThreadGroup : kg.apc.jmeter.threads.SteppingThreadGroup : kg.apc.jmeter.threads.SteppingThreadGroup : kg.apc.jmeter.threads.SteppingThreadGroup
---- Debugging information ----
message             : kg.apc.jmeter.threads.SteppingThreadGroup : kg.apc.jmeter.threads.SteppingThreadGroup
cause-exception     : com.thoughtworks.xstream.mapper.CannotResolveClassException
cause-message       : kg.apc.jmeter.threads.SteppingThreadGroup : kg.apc.jmeter.threads.SteppingThreadGroup
class               : org.apache.jorphan.collections.ListedHashTree
required-type       : org.apache.jorphan.collections.ListedHashTree
path                : /jmeterTestPlan/hashTree/hashTree/kg.apc.jmeter.threads.SteppingThreadGroup
line number         : 20
------------------------------- : kg.apc.jmeter.threads.SteppingThreadGroup : kg.apc.jmeter.threads.SteppingThreadGroup : kg.apc.jmeter.threads.SteppingThreadGroup : kg.apc.jmeter.threads.SteppingThreadGroup
---- Debugging information ----
message             : kg.apc.jmeter.threads.SteppingThreadGroup : kg.apc.jmeter.threads.SteppingThreadGroup
cause-exception     : com.thoughtworks.xstream.mapper.CannotResolveClassException
cause-message       : kg.apc.jmeter.threads.SteppingThreadGroup : kg.apc.jmeter.threads.SteppingThreadGroup
class               : org.apache.jorphan.collections.ListedHashTree
required-type       : org.apache.jorphan.collections.ListedHashTree
path                : /jmeterTestPlan/hashTree/hashTree/kg.apc.jmeter.threads.SteppingThreadGroup
line number         : 20
-------------------------------
message             : kg.apc.jmeter.threads.SteppingThreadGroup : kg.apc.jmeter.threads.SteppingThreadGroup : kg.apc.jmeter.threads.SteppingThreadGroup : kg.apc.jmeter.threads.SteppingThreadGroup
---- Debugging information ----
message             : kg.apc.jmeter.threads.SteppingThreadGroup : kg.apc.jmeter.threads.SteppingThreadGroup
cause-exception     : com.thoughtworks.xstream.mapper.CannotResolveClassException
cause-message       : kg.apc.jmeter.threads.SteppingThreadGroup : kg.apc.jmeter.threads.SteppingThreadGroup
class               : org.apache.jorphan.collections.ListedHashTree
required-type       : org.apache.jorphan.collections.ListedHashTree
path                : /jmeterTestPlan/hashTree/hashTree/kg.apc.jmeter.threads.SteppingThreadGroup
line number         : 20
-------------------------------
cause-exception     : com.thoughtworks.xstream.converters.ConversionException
cause-message       : kg.apc.jmeter.threads.SteppingThreadGroup : kg.apc.jmeter.threads.SteppingThreadGroup : kg.apc.jmeter.threads.SteppingThreadGroup : kg.apc.jmeter.threads.SteppingThreadGroup
first-jmeter-class  : org.apache.jmeter.save.converters.HashTreeConverter.unmarshal(HashTreeConverter.java:65)
class               : org.apache.jmeter.save.ScriptWrapper
required-type       : org.apache.jorphan.collections.ListedHashTree
path                : /jmeterTestPlan/hashTree/hashTree/kg.apc.jmeter.threads.SteppingThreadGroup
line number         : 20
------------------------------- 
2015/10/22 12:47:24 ERROR - jmeter.JMeter: Error in NonGUIDriver java.lang.NullPointerException
	at org.apache.jmeter.gui.tree.JMeterTreeModel.addSubTree(JMeterTreeModel.java:93)
	at org.apache.jmeter.JMeter.runNonGui(JMeter.java:738)
	at org.apache.jmeter.JMeter.startNonGui(JMeter.java:716)
	at org.apache.jmeter.JMeter.start(JMeter.java:377)
	at com.lazerycode.jmeter.testrunner.TestManager.executeSingleTest(TestManager.java:181)
	at com.lazerycode.jmeter.testrunner.TestManager.executeTests(TestManager.java:102)
	at com.lazerycode.jmeter.JMeterMojo.execute(JMeterMojo.java:222)
	at org.apache.maven.plugin.DefaultBuildPluginManager.executeMojo(DefaultBuildPluginManager.java:134)
	at org.apache.maven.lifecycle.internal.MojoExecutor.execute(MojoExecutor.java:208)
	at org.apache.maven.lifecycle.internal.MojoExecutor.execute(MojoExecutor.java:153)
	at org.apache.maven.lifecycle.internal.MojoExecutor.execute(MojoExecutor.java:145)
	at org.apache.maven.lifecycle.internal.LifecycleModuleBuilder.buildProject(LifecycleModuleBuilder.java:116)
	at org.apache.maven.lifecycle.internal.LifecycleModuleBuilder.buildProject(LifecycleModuleBuilder.java:80)
	at org.apache.maven.lifecycle.internal.builder.singlethreaded.SingleThreadedBuilder.build(SingleThreadedBuilder.java:51)
	at org.apache.maven.lifecycle.internal.LifecycleStarter.execute(LifecycleStarter.java:128)
	at org.apache.maven.DefaultMaven.doExecute(DefaultMaven.java:307)
	at org.apache.maven.DefaultMaven.doExecute(DefaultMaven.java:193)
	at org.apache.maven.DefaultMaven.execute(DefaultMaven.java:106)
	at org.apache.maven.cli.MavenCli.execute(MavenCli.java:862)
	at org.apache.maven.cli.MavenCli.doMain(MavenCli.java:286)
	at org.apache.maven.cli.MavenCli.main(MavenCli.java:197)
	at sun.reflect.NativeMethodAccessorImpl.invoke0(Native Method)
	at sun.reflect.NativeMethodAccessorImpl.invoke(NativeMethodAccessorImpl.java:62)
	at sun.reflect.DelegatingMethodAccessorImpl.invoke(DelegatingMethodAccessorImpl.java:43)
	at java.lang.reflect.Method.invoke(Method.java:497)
	at org.codehaus.plexus.classworlds.launcher.Launcher.launchEnhanced(Launcher.java:289)
	at org.codehaus.plexus.classworlds.launcher.Launcher.launch(Launcher.java:229)
	at org.codehaus.plexus.classworlds.launcher.Launcher.mainWithExitCode(Launcher.java:415)
	at org.codehaus.plexus.classworlds.launcher.Launcher.main(Launcher.java:356)

